<?xml version="1.0" encoding="UTF-8"?>
<testng-results ignored="0" total="1" passed="1" failed="0" skipped="0">
  <reporter-output>
  </reporter-output>
  <suite started-at="2020-06-19T14:22:08 IST" name="Default suite" finished-at="2020-06-19T14:22:08 IST" duration-ms="88">
    <groups>
    </groups>
    <test started-at="2020-06-19T14:22:08 IST" name="Default test" finished-at="2020-06-19T14:22:08 IST" duration-ms="88">
      <class name="HomeOfficeSmallOffice.demo">
        <test-method signature="firstClass()[pri:0, instance:HomeOfficeSmallOffice.demo@482bce4f]" started-at="2020-06-19T14:22:08 IST" name="firstClass" finished-at="2020-06-19T14:22:08 IST" duration-ms="14" status="PASS">
          <reporter-output>
          </reporter-output>
        </test-method> <!-- firstClass -->
      </class> <!-- HomeOfficeSmallOffice.demo -->
    </test> <!-- Default test -->
  </suite> <!-- Default suite -->
</testng-results>
